INFO [04-17|14:09:08.559] Maximum peer count                       ETH=50 LES=0 total=50
INFO [04-17|14:09:08.561] Smartcard socket not found, disabling    err="stat /run/pcscd/pcscd.comm: no such file or directory"
WARN [04-17|14:09:08.577] Found deprecated node list file /mnt/c/Users/ali/PycharmProjects/new/project-root/consensus/pow/ethereum/node3/geth/static-nodes.json, please use the TOML config file instead. 
INFO [04-17|14:09:08.591] Set global gas cap                       cap=50,000,000
INFO [04-17|14:09:08.594] Allocated trie memory caches             clean=154.00MiB dirty=256.00MiB
INFO [04-17|14:09:08.595] Allocated cache and file handles         database=/mnt/c/Users/ali/PycharmProjects/new/project-root/consensus/pow/ethereum/node3/geth/chaindata cache=512.00MiB handles=524,288
INFO [04-17|14:09:08.700] Opened ancient database                  database=/mnt/c/Users/ali/PycharmProjects/new/project-root/consensus/pow/ethereum/node3/geth/chaindata/ancient/chain readonly=false
INFO [04-17|14:09:08.704]  
INFO [04-17|14:09:08.705] --------------------------------------------------------------------------------------------------------------------------------------------------------- 
INFO [04-17|14:09:08.706] Chain ID:  12345 (unknown) 
INFO [04-17|14:09:08.706] Consensus: Ethash (proof-of-work) 
INFO [04-17|14:09:08.706]  
INFO [04-17|14:09:08.707] Pre-Merge hard forks: 
INFO [04-17|14:09:08.707]  - Homestead:                   0        (https://github.com/ethereum/execution-specs/blob/master/network-upgrades/mainnet-upgrades/homestead.md) 
INFO [04-17|14:09:08.707]  - Tangerine Whistle (EIP 150): 0        (https://github.com/ethereum/execution-specs/blob/master/network-upgrades/mainnet-upgrades/tangerine-whistle.md) 
INFO [04-17|14:09:08.707]  - Spurious Dragon/1 (EIP 155): 0        (https://github.com/ethereum/execution-specs/blob/master/network-upgrades/mainnet-upgrades/spurious-dragon.md) 
INFO [04-17|14:09:08.708]  - Spurious Dragon/2 (EIP 158): 0        (https://github.com/ethereum/execution-specs/blob/master/network-upgrades/mainnet-upgrades/spurious-dragon.md) 
INFO [04-17|14:09:08.708]  - Byzantium:                   0        (https://github.com/ethereum/execution-specs/blob/master/network-upgrades/mainnet-upgrades/byzantium.md) 
INFO [04-17|14:09:08.708]  - Constantinople:              0        (https://github.com/ethereum/execution-specs/blob/master/network-upgrades/mainnet-upgrades/constantinople.md) 
INFO [04-17|14:09:08.709]  - Petersburg:                  0        (https://github.com/ethereum/execution-specs/blob/master/network-upgrades/mainnet-upgrades/petersburg.md) 
INFO [04-17|14:09:08.709]  - Istanbul:                    0        (https://github.com/ethereum/execution-specs/blob/master/network-upgrades/mainnet-upgrades/istanbul.md) 
INFO [04-17|14:09:08.709]  - Berlin:                      0        (https://github.com/ethereum/execution-specs/blob/master/network-upgrades/mainnet-upgrades/berlin.md) 
INFO [04-17|14:09:08.709]  - London:                      0        (https://github.com/ethereum/execution-specs/blob/master/network-upgrades/mainnet-upgrades/london.md) 
INFO [04-17|14:09:08.710]  
INFO [04-17|14:09:08.710] The Merge is not yet available for this network! 
INFO [04-17|14:09:08.710]  - Hard-fork specification: https://github.com/ethereum/execution-specs/blob/master/network-upgrades/mainnet-upgrades/paris.md 
INFO [04-17|14:09:08.710] --------------------------------------------------------------------------------------------------------------------------------------------------------- 
INFO [04-17|14:09:08.711]  
INFO [04-17|14:09:08.792] Disk storage enabled for ethash caches   dir=/mnt/c/Users/ali/PycharmProjects/new/project-root/consensus/pow/ethereum/node3/geth/ethash count=3
INFO [04-17|14:09:08.792] Disk storage enabled for ethash DAGs     dir=/home/ali/.ethash count=2
INFO [04-17|14:09:08.792] Initialising Ethereum protocol           network=12345 dbversion=<nil>
INFO [04-17|14:09:08.793] Loaded most recent local header          number=0 hash=a125fe..c220e5 td=2,097,151 age=56y1mo5d
INFO [04-17|14:09:08.794] Loaded most recent local full block      number=0 hash=a125fe..c220e5 td=2,097,151 age=56y1mo5d
INFO [04-17|14:09:08.794] Loaded most recent local fast block      number=0 hash=a125fe..c220e5 td=2,097,151 age=56y1mo5d
WARN [04-17|14:09:08.794] Failed to load snapshot, regenerating    err="missing or corrupted snapshot"
INFO [04-17|14:09:08.795] Rebuilding state snapshot 
INFO [04-17|14:09:08.796] Resuming state snapshot generation       root=bbdd6a..d51bec accounts=0 slots=0 storage=0.00B dangling=0 elapsed="685.997µs"
INFO [04-17|14:09:08.797] Generated state snapshot                 accounts=4 slots=0 storage=200.00B dangling=0 elapsed=1.906ms
INFO [04-17|14:09:08.803] Regenerated local transaction journal    transactions=0 accounts=0
INFO [04-17|14:09:08.803] Gasprice oracle is ignoring threshold set threshold=2
WARN [04-17|14:09:08.803] Error reading unclean shutdown markers   error="leveldb: not found"
WARN [04-17|14:09:08.804] Engine API enabled                       protocol=eth
WARN [04-17|14:09:08.804] Engine API started but chain not configured for merge yet 
INFO [04-17|14:09:08.805] Starting peer-to-peer node               instance=Geth/v1.10.26-stable-e5eb32ac/linux-amd64/go1.18.5
INFO [04-17|14:09:08.851] New local node record                    seq=1,744,888,148,846 id=1d2f8cfe589ff1b4 ip=127.0.0.1 udp=0 tcp=30305
INFO [04-17|14:09:08.851] Started P2P networking                   self="enode://b1d95fb07e767dca76fbf00a9e2cbf6029d5ebd65c03f1524cc186be4eea7866c6cab47e587b776c45bb706f195c4602278c2869615a65380937f6029520d190@127.0.0.1:30305?discport=0"
INFO [04-17|14:09:08.854] Loaded JWT secret file                   path=/mnt/c/Users/ali/PycharmProjects/new/project-root/consensus/pow/ethereum/node3/geth/jwtsecret crc32=0x5fcaf660
INFO [04-17|14:09:08.855] HTTP server started                      endpoint=[::]:8547 auth=false prefix= cors= vhosts=localhost
INFO [04-17|14:09:08.856] WebSocket enabled                        url=ws://[::]:8647
INFO [04-17|14:09:08.856] WebSocket enabled                        url=ws://127.0.0.1:8747
INFO [04-17|14:09:08.856] HTTP server started                      endpoint=127.0.0.1:8747 auth=true  prefix= cors=localhost vhosts=localhost
WARN [04-17|14:09:08.861] ------------------------------------------------------------------- 
WARN [04-17|14:09:08.861] Referring to accounts by order in the keystore folder is dangerous! 
WARN [04-17|14:09:08.861] This functionality is deprecated and will be removed in the future! 
WARN [04-17|14:09:08.861] Please use explicit addresses! (can search via `geth account list`) 
WARN [04-17|14:09:08.861] ------------------------------------------------------------------- 
INFO [04-17|14:09:10.464] Unlocked account                         address=0x39eb96A913b3DF172c60371F78483993618eC09D
INFO [04-17|14:09:10.465] Transaction pool price threshold updated price=0
INFO [04-17|14:09:10.465] Updated mining threads                   threads=1
INFO [04-17|14:09:10.466] Transaction pool price threshold updated price=1,000,000,000
INFO [04-17|14:09:10.466] Etherbase automatically configured       address=0x39eb96A913b3DF172c60371F78483993618eC09D
INFO [04-17|14:09:10.466] Commit new sealing work                  number=1 sealhash=2f17f3..faaed2 uncles=0 txs=0 gas=0 fees=0 elapsed="342.34µs"
INFO [04-17|14:09:10.467] Commit new sealing work                  number=1 sealhash=2f17f3..faaed2 uncles=0 txs=0 gas=0 fees=0 elapsed="890.628µs"
INFO [04-17|14:09:41.261] Commit new sealing work                  number=1 sealhash=996cd2..53dc5d uncles=0 txs=1 gas=351,718 fees=4.396475e-05 elapsed="910.746µs"
INFO [04-17|14:09:41.627] Looking for peers                        peercount=3 tried=3 static=4
INFO [04-17|14:09:48.184] Successfully sealed new block            number=1 sealhash=996cd2..53dc5d hash=1c5c17..441c8d elapsed=6.922s
INFO [04-17|14:09:48.184] 🔨 mined potential block                  number=1 hash=1c5c17..441c8d
INFO [04-17|14:09:48.185] Commit new sealing work                  number=2 sealhash=509972..233b99 uncles=0 txs=0 gas=0       fees=0            elapsed="585.663µs"
INFO [04-17|14:09:48.185] Commit new sealing work                  number=2 sealhash=509972..233b99 uncles=0 txs=0 gas=0       fees=0            elapsed=1.301ms
ERROR[04-17|14:09:52.532] Failed to generate mapped ethash cache   epoch=0 err="operation not supported"
WARN [04-17|14:09:53.917] Snap syncing, discarded propagated block number=1 hash=192794..344e53
ERROR[04-17|14:09:53.920] Failed to generate mapped ethash cache   epoch=1 err="operation not supported"
INFO [04-17|14:09:56.963] Successfully sealed new block            number=2 sealhash=509972..233b99 hash=43d23e..f0d7fc elapsed=10.809s
INFO [04-17|14:09:56.963] Commit new sealing work                  number=3 sealhash=a535c9..2368e4 uncles=0 txs=0 gas=0       fees=0            elapsed="283.84µs"
INFO [04-17|14:09:56.963] 🔨 mined potential block                  number=2 hash=43d23e..f0d7fc
INFO [04-17|14:09:56.964] Commit new sealing work                  number=3 sealhash=a535c9..2368e4 uncles=0 txs=0 gas=0       fees=0            elapsed=1.414ms
WARN [04-17|14:10:06.247] Snap syncing, discarded propagated block number=3 hash=3b7004..1d68ff
INFO [04-17|14:10:20.448] Successfully sealed new block            number=3 sealhash=a535c9..2368e4 hash=5ced7d..bd3b9b elapsed=23.484s
INFO [04-17|14:10:20.448] 🔨 mined potential block                  number=3 hash=5ced7d..bd3b9b
INFO [04-17|14:10:20.452] Commit new sealing work                  number=4 sealhash=2819ba..61df8f uncles=0 txs=0 gas=0       fees=0            elapsed=3.591ms
INFO [04-17|14:10:20.452] Commit new sealing work                  number=4 sealhash=2819ba..61df8f uncles=0 txs=0 gas=0       fees=0            elapsed=4.246ms
INFO [04-17|14:10:23.450] Commit new sealing work                  number=4 sealhash=2819ba..61df8f uncles=0 txs=0 gas=0       fees=0            elapsed="337.575µs"
INFO [04-17|14:10:24.059] Commit new sealing work                  number=4 sealhash=2819ba..61df8f uncles=0 txs=0 gas=0       fees=0            elapsed="397.484µs"
INFO [04-17|14:10:27.059] Commit new sealing work                  number=4 sealhash=2819ba..61df8f uncles=0 txs=0 gas=0       fees=0            elapsed="477.218µs"
INFO [04-17|14:10:30.060] Commit new sealing work                  number=4 sealhash=2819ba..61df8f uncles=0 txs=0 gas=0       fees=0            elapsed="496.811µs"
INFO [04-17|14:10:33.060] Commit new sealing work                  number=4 sealhash=2819ba..61df8f uncles=0 txs=0 gas=0       fees=0            elapsed="421.536µs"
INFO [04-17|14:10:36.061] Commit new sealing work                  number=4 sealhash=2819ba..61df8f uncles=0 txs=0 gas=0       fees=0            elapsed="519.396µs"
INFO [04-17|14:10:39.062] Commit new sealing work                  number=4 sealhash=2819ba..61df8f uncles=0 txs=0 gas=0       fees=0            elapsed="598.446µs"
INFO [04-17|14:10:42.063] Commit new sealing work                  number=4 sealhash=2819ba..61df8f uncles=0 txs=0 gas=0       fees=0            elapsed="524.995µs"
INFO [04-17|14:10:45.066] Commit new sealing work                  number=4 sealhash=2819ba..61df8f uncles=0 txs=0 gas=0       fees=0            elapsed="750.442µs"
INFO [04-17|14:10:48.067] Commit new sealing work                  number=4 sealhash=2819ba..61df8f uncles=0 txs=0 gas=0       fees=0            elapsed=1.164ms
INFO [04-17|14:10:51.067] Commit new sealing work                  number=4 sealhash=2819ba..61df8f uncles=0 txs=0 gas=0       fees=0            elapsed="921.287µs"
INFO [04-17|14:10:51.986] Commit new sealing work                  number=4 sealhash=2819ba..61df8f uncles=0 txs=0 gas=0       fees=0            elapsed=1.210ms
INFO [04-17|14:10:54.987] Commit new sealing work                  number=4 sealhash=2819ba..61df8f uncles=0 txs=0 gas=0       fees=0            elapsed="880.444µs"
INFO [04-17|14:10:57.989] Commit new sealing work                  number=4 sealhash=2819ba..61df8f uncles=0 txs=0 gas=0       fees=0            elapsed=1.161ms
INFO [04-17|14:11:00.989] Commit new sealing work                  number=4 sealhash=2819ba..61df8f uncles=0 txs=0 gas=0       fees=0            elapsed=1.142ms
INFO [04-17|14:11:03.990] Commit new sealing work                  number=4 sealhash=2819ba..61df8f uncles=0 txs=0 gas=0       fees=0            elapsed="794.426µs"
INFO [04-17|14:11:06.991] Commit new sealing work                  number=4 sealhash=2819ba..61df8f uncles=0 txs=0 gas=0       fees=0            elapsed=1.030ms
INFO [04-17|14:11:09.993] Commit new sealing work                  number=4 sealhash=2819ba..61df8f uncles=0 txs=0 gas=0       fees=0            elapsed=1.427ms
INFO [04-17|14:11:12.994] Commit new sealing work                  number=4 sealhash=2819ba..61df8f uncles=0 txs=0 gas=0       fees=0            elapsed=1.246ms
INFO [04-17|14:11:15.995] Commit new sealing work                  number=4 sealhash=2819ba..61df8f uncles=0 txs=0 gas=0       fees=0            elapsed=1.119ms
INFO [04-17|14:11:18.996] Commit new sealing work                  number=4 sealhash=2819ba..61df8f uncles=0 txs=0 gas=0       fees=0            elapsed="882.611µs"
INFO [04-17|14:11:19.696] Commit new sealing work                  number=4 sealhash=2819ba..61df8f uncles=0 txs=0 gas=0       fees=0            elapsed=1.146ms
INFO [04-17|14:11:22.696] Commit new sealing work                  number=4 sealhash=2819ba..61df8f uncles=0 txs=0 gas=0       fees=0            elapsed=1.335ms
INFO [04-17|14:11:25.697] Commit new sealing work                  number=4 sealhash=2819ba..61df8f uncles=0 txs=0 gas=0       fees=0            elapsed=1.155ms
INFO [04-17|14:11:26.148] Block synchronisation started 
INFO [04-17|14:11:26.149] Mining aborted due to sync 
INFO [04-17|14:11:26.166] State sync in progress                   synced=13.23% state=202.00B accounts=1@202.00B slots=0@0.00B codes=0@0.00B eta=79.943ms
INFO [04-17|14:11:26.172] Imported new block headers               count=3 elapsed=16.065ms    number=5 hash=358760..629a74 ignored=2
INFO [04-17|14:11:26.177] Downloader queue stats                   receiptTasks=0 blockTasks=0 itemSize=417.02B throttle=8192
INFO [04-17|14:11:26.180] Imported new block receipts              count=0 elapsed="36.601µs"  number=2 hash=43d23e..f0d7fc age=1m38s    size=0.00B ignored=2
INFO [04-17|14:11:26.181] State sync in progress                   synced=62.53% state=816.00B accounts=4@816.00B slots=0@0.00B codes=0@0.00B eta=16.183ms
WARN [04-17|14:11:26.182] Unexpected account range packet          peer=b0b28cb8 reqid=5,486,140,987,150,761,883
INFO [04-17|14:11:26.186] State sync in progress                   synced=100.00% state=1018.00B accounts=5@1018.00B slots=0@0.00B codes=0@0.00B eta=-238ns
INFO [04-17|14:11:26.191] State heal in progress                   accounts=4@220.00B  slots=0@0.00B codes=0@0.00B nodes=5@643.00B pending=0
INFO [04-17|14:11:26.193] Imported new block receipts              count=1 elapsed="357.208µs" number=3 hash=3b7004..1d68ff age=1m30s    size=86.00B
INFO [04-17|14:11:26.194] Rebuilding state snapshot 
INFO [04-17|14:11:26.194] Committed new head block                 number=3 hash=3b7004..1d68ff
INFO [04-17|14:11:26.195] Resuming state snapshot generation       root=6f7ef1..200005 accounts=0          slots=0       storage=0.00B   dangling=0 elapsed="671.715µs"
INFO [04-17|14:11:26.196] Generated state snapshot                 accounts=5          slots=0       storage=275.00B dangling=0 elapsed=1.651ms
INFO [04-17|14:11:26.210] Imported new chain segment               blocks=2 txs=0 mgas=0.000 elapsed=15.427ms    mgasps=0.000 number=5 hash=358760..629a74 dirty=3.41KiB
INFO [04-17|14:11:29.164] Snap sync complete, auto disabling 
INFO [04-17|14:11:29.164] Commit new sealing work                  number=6 sealhash=ab8ca6..977fee uncles=0 txs=0 gas=0       fees=0            elapsed="362.925µs"
INFO [04-17|14:11:29.166] Commit new sealing work                  number=6 sealhash=ab8ca6..977fee uncles=0 txs=0 gas=0       fees=0            elapsed=2.060ms
INFO [04-17|14:11:32.167] Commit new sealing work                  number=6 sealhash=ab8ca6..977fee uncles=0 txs=0 gas=0       fees=0            elapsed=1.777ms
INFO [04-17|14:11:32.706] Imported new chain segment               blocks=1 txs=1783 mgas=82.790 elapsed=371.328ms   mgasps=222.957 number=6 hash=109759..b1d10d dirty=502.34KiB
INFO [04-17|14:11:32.714] Commit new sealing work                  number=7 sealhash=063d1f..0a791d uncles=0 txs=0    gas=0       fees=0            elapsed=7.189ms
INFO [04-17|14:11:32.725] Commit new sealing work                  number=7 sealhash=063d1f..0a791d uncles=0 txs=0    gas=0       fees=0            elapsed=18.818ms
INFO [04-17|14:11:35.707] Commit new sealing work                  number=7 sealhash=063d1f..0a791d uncles=0 txs=0    gas=0       fees=0            elapsed="331.183µs"
INFO [04-17|14:11:38.708] Commit new sealing work                  number=7 sealhash=063d1f..0a791d uncles=0 txs=0    gas=0       fees=0            elapsed="377.551µs"
INFO [04-17|14:11:41.708] Commit new sealing work                  number=7 sealhash=063d1f..0a791d uncles=0 txs=0    gas=0       fees=0            elapsed="395.75µs"
INFO [04-17|14:11:44.709] Commit new sealing work                  number=7 sealhash=063d1f..0a791d uncles=0 txs=0    gas=0       fees=0            elapsed="608.63µs"
INFO [04-17|14:11:46.785] Successfully sealed new block            number=7 sealhash=063d1f..0a791d hash=1469bf..2522dd elapsed=14.071s
INFO [04-17|14:11:46.797] 🔨 mined potential block                  number=7 hash=1469bf..2522dd
INFO [04-17|14:11:46.786] Commit new sealing work                  number=8 sealhash=9868b7..442b24 uncles=0 txs=0    gas=0       fees=0            elapsed="253.398µs"
INFO [04-17|14:11:46.798] Commit new sealing work                  number=8 sealhash=9868b7..442b24 uncles=0 txs=0    gas=0       fees=0            elapsed=12.765ms
INFO [04-17|14:11:47.589] Commit new sealing work                  number=8 sealhash=9868b7..442b24 uncles=0 txs=0    gas=0       fees=0            elapsed="652.615µs"
INFO [04-17|14:11:50.589] Commit new sealing work                  number=8 sealhash=9868b7..442b24 uncles=0 txs=0    gas=0       fees=0            elapsed="718.916µs"
INFO [04-17|14:11:53.589] Commit new sealing work                  number=8 sealhash=9868b7..442b24 uncles=0 txs=0    gas=0       fees=0            elapsed="677.64µs"
INFO [04-17|14:11:56.590] Commit new sealing work                  number=8 sealhash=9868b7..442b24 uncles=0 txs=0    gas=0       fees=0            elapsed="710.574µs"
INFO [04-17|14:11:59.591] Commit new sealing work                  number=8 sealhash=9868b7..442b24 uncles=0 txs=0    gas=0       fees=0            elapsed="788.142µs"
INFO [04-17|14:12:02.591] Commit new sealing work                  number=8 sealhash=9868b7..442b24 uncles=0 txs=0    gas=0       fees=0            elapsed="792.368µs"
INFO [04-17|14:12:05.593] Commit new sealing work                  number=8 sealhash=9868b7..442b24 uncles=0 txs=0    gas=0       fees=0            elapsed="831.476µs"
INFO [04-17|14:12:08.593] Commit new sealing work                  number=8 sealhash=9868b7..442b24 uncles=0 txs=0    gas=0       fees=0            elapsed="923.346µs"
INFO [04-17|14:12:11.594] Commit new sealing work                  number=8 sealhash=9868b7..442b24 uncles=0 txs=0    gas=0       fees=0            elapsed="999.722µs"
INFO [04-17|14:12:12.022] Imported new chain segment               blocks=1 txs=0    mgas=0.000  elapsed=14.975ms    mgasps=0.000   number=8 hash=790385..487ba6 dirty=503.42KiB
INFO [04-17|14:12:12.023] 🔗 block reached canonical chain          number=1 hash=1c5c17..441c8d
INFO [04-17|14:12:12.024] Commit new sealing work                  number=9 sealhash=c5e4da..871a46 uncles=0 txs=0    gas=0       fees=0            elapsed="677.748µs"
INFO [04-17|14:12:12.034] Commit new sealing work                  number=9 sealhash=c5e4da..871a46 uncles=0 txs=0    gas=0       fees=0            elapsed=10.859ms
INFO [04-17|14:12:12.769] Commit new sealing work                  number=9 sealhash=c5e4da..871a46 uncles=0 txs=0    gas=0       fees=0            elapsed="896.045µs"
INFO [04-17|14:12:15.770] Commit new sealing work                  number=9 sealhash=c5e4da..871a46 uncles=0 txs=0    gas=0       fees=0            elapsed="994.305µs"
INFO [04-17|14:12:18.770] Commit new sealing work                  number=9 sealhash=c5e4da..871a46 uncles=0 txs=0    gas=0       fees=0            elapsed="929.196µs"
INFO [04-17|14:12:19.430] Imported new chain segment               blocks=1 txs=0    mgas=0.000  elapsed=9.503ms     mgasps=0.000   number=9 hash=2953cc..3b10d5 dirty=503.96KiB
INFO [04-17|14:12:19.431] 🔗 block reached canonical chain          number=2 hash=43d23e..f0d7fc
INFO [04-17|14:12:19.431] Commit new sealing work                  number=10 sealhash=8d4185..902b29 uncles=0 txs=0    gas=0       fees=0            elapsed="679.265µs"
INFO [04-17|14:12:19.441] Commit new sealing work                  number=10 sealhash=8d4185..902b29 uncles=0 txs=0    gas=0       fees=0            elapsed=10.278ms
INFO [04-17|14:12:22.433] Commit new sealing work                  number=10 sealhash=8d4185..902b29 uncles=0 txs=0    gas=0       fees=0            elapsed=1.442ms
INFO [04-17|14:12:25.434] Commit new sealing work                  number=10 sealhash=8d4185..902b29 uncles=0 txs=0    gas=0       fees=0            elapsed=1.198ms
INFO [04-17|14:12:35.465] Imported new chain segment               blocks=1 txs=0    mgas=0.000  elapsed=10.461ms    mgasps=0.000   number=10 hash=f3d56c..79b0ff dirty=504.50KiB
INFO [04-17|14:12:35.466] ⑂ block became an uncle                  number=3  hash=5ced7d..bd3b9b
INFO [04-17|14:12:35.466] Commit new sealing work                  number=11 sealhash=4a93d2..b5cc3b uncles=0 txs=0    gas=0       fees=0            elapsed="571.904µs"
INFO [04-17|14:12:35.473] Commit new sealing work                  number=11 sealhash=4a93d2..b5cc3b uncles=0 txs=0    gas=0       fees=0            elapsed=7.149ms
INFO [04-17|14:12:37.034] Imported new chain segment               blocks=1 txs=0    mgas=0.000  elapsed=7.225ms     mgasps=0.000   number=11 hash=e8071e..810ce2 dirty=505.04KiB
INFO [04-17|14:12:37.035] Commit new sealing work                  number=12 sealhash=a3a0b6..a10f98 uncles=0 txs=0    gas=0       fees=0            elapsed="259.897µs"
INFO [04-17|14:12:37.043] Commit new sealing work                  number=12 sealhash=a3a0b6..a10f98 uncles=0 txs=0    gas=0       fees=0            elapsed=8.355ms
INFO [04-17|14:12:54.270] Successfully sealed new block            number=12 sealhash=a3a0b6..a10f98 hash=d86cd1..14e7f4 elapsed=19.416s
INFO [04-17|14:12:54.271] Commit new sealing work                  number=13 sealhash=4729e8..00839e uncles=0 txs=0    gas=0       fees=0            elapsed="264.906µs"
INFO [04-17|14:12:54.271] 🔨 mined potential block                  number=12 hash=d86cd1..14e7f4
INFO [04-17|14:12:54.287] Commit new sealing work                  number=13 sealhash=4729e8..00839e uncles=0 txs=0    gas=0       fees=0            elapsed=16.346ms
INFO [04-17|14:13:27.558] Imported new chain segment               blocks=1 txs=0    mgas=0.000  elapsed=7.513ms     mgasps=0.000   number=13 hash=b76a5e..cf2e15 dirty=506.12KiB
INFO [04-17|14:13:27.559] Commit new sealing work                  number=14 sealhash=b8964d..674e3f uncles=0 txs=0    gas=0       fees=0            elapsed="246.355µs"
INFO [04-17|14:13:27.569] Commit new sealing work                  number=14 sealhash=b8964d..674e3f uncles=0 txs=0    gas=0       fees=0            elapsed=10.449ms
INFO [04-17|14:13:57.501] Successfully sealed new block            number=14 sealhash=b8964d..674e3f hash=7c3cfb..7b2c8d elapsed=32.100s
INFO [04-17|14:13:57.501] 🔗 block reached canonical chain          number=7  hash=1469bf..2522dd
INFO [04-17|14:13:57.502] Commit new sealing work                  number=15 sealhash=5f3f46..23b341 uncles=0 txs=0    gas=0       fees=0            elapsed=1.493ms
INFO [04-17|14:13:57.503] 🔨 mined potential block                  number=14 hash=7c3cfb..7b2c8d
INFO [04-17|14:13:57.511] Commit new sealing work                  number=15 sealhash=5f3f46..23b341 uncles=0 txs=0    gas=0       fees=0            elapsed=10.261ms
INFO [04-17|14:14:32.978] Imported new chain segment               blocks=1 txs=1217 mgas=56.527 elapsed=159.040ms   mgasps=355.427 number=15 hash=dc1ad4..a1f7d5 dirty=1015.12KiB
INFO [04-17|14:14:32.983] Commit new sealing work                  number=16 sealhash=34f37c..e6731a uncles=0 txs=0    gas=0       fees=0            elapsed=4.441ms
INFO [04-17|14:14:32.992] Commit new sealing work                  number=16 sealhash=34f37c..e6731a uncles=0 txs=0    gas=0       fees=0            elapsed=14.168ms
INFO [04-17|14:14:43.295] Imported new chain segment               blocks=1 txs=0    mgas=0.000  elapsed=10.194ms    mgasps=0.000   number=16 hash=a22a22..5b7415 dirty=1015.66KiB
INFO [04-17|14:14:43.296] Commit new sealing work                  number=17 sealhash=b7c15c..f98599 uncles=0 txs=0    gas=0       fees=0            elapsed="613.722µs"
INFO [04-17|14:14:43.297] Commit new sealing work                  number=17 sealhash=b7c15c..f98599 uncles=0 txs=0    gas=0       fees=0            elapsed=1.917ms
INFO [04-17|14:14:44.225] Imported new chain segment               blocks=1 txs=0    mgas=0.000  elapsed=8.654ms     mgasps=0.000   number=17 hash=45fdb1..79ea08 dirty=1016.20KiB
INFO [04-17|14:14:44.226] Commit new sealing work                  number=18 sealhash=d1910d..06d356 uncles=0 txs=0    gas=0       fees=0            elapsed="742.75µs"
INFO [04-17|14:14:44.235] Commit new sealing work                  number=18 sealhash=d1910d..06d356 uncles=0 txs=0    gas=0       fees=0            elapsed=9.295ms
INFO [04-17|14:15:03.303] Imported new chain segment               blocks=1 txs=0    mgas=0.000  elapsed=8.879ms     mgasps=0.000   number=18 hash=34ad06..1bf967 dirty=1016.75KiB
INFO [04-17|14:15:03.304] Commit new sealing work                  number=19 sealhash=89d63f..790375 uncles=0 txs=0    gas=0       fees=0            elapsed="317.098µs"
INFO [04-17|14:15:03.304] Commit new sealing work                  number=19 sealhash=89d63f..790375 uncles=0 txs=0    gas=0       fees=0            elapsed="921.937µs"
INFO [04-17|14:15:33.243] Successfully sealed new block            number=19 sealhash=89d63f..790375 hash=8c830b..a57534 elapsed=32.115s
INFO [04-17|14:15:33.244] 🔗 block reached canonical chain          number=12 hash=d86cd1..14e7f4
INFO [04-17|14:15:33.244] Commit new sealing work                  number=20 sealhash=00b627..305c39 uncles=0 txs=0    gas=0       fees=0            elapsed="827.035µs"
INFO [04-17|14:15:33.244] 🔨 mined potential block                  number=19 hash=8c830b..a57534
INFO [04-17|14:15:33.245] Commit new sealing work                  number=20 sealhash=00b627..305c39 uncles=0 txs=0    gas=0       fees=0            elapsed=1.859ms
INFO [04-17|14:15:36.162] Successfully sealed new block            number=20 sealhash=00b627..305c39 hash=9217c7..a86730 elapsed=2.918s
INFO [04-17|14:15:36.163] 🔨 mined potential block                  number=20 hash=9217c7..a86730
INFO [04-17|14:15:36.163] Commit new sealing work                  number=21 sealhash=6892ed..fbf538 uncles=0 txs=0    gas=0       fees=0            elapsed="695.732µs"
INFO [04-17|14:15:36.164] Commit new sealing work                  number=21 sealhash=6892ed..fbf538 uncles=0 txs=0    gas=0       fees=0            elapsed=1.212ms
INFO [04-17|14:15:46.267] Imported new chain segment               blocks=1 txs=0    mgas=0.000  elapsed=7.712ms     mgasps=0.000   number=21 hash=0bcd7e..f2d8ed dirty=1018.37KiB
INFO [04-17|14:15:46.268] 🔗 block reached canonical chain          number=14 hash=7c3cfb..7b2c8d
INFO [04-17|14:15:46.274] Commit new sealing work                  number=22 sealhash=670e94..d5e56f uncles=0 txs=0    gas=0       fees=0            elapsed=6.511ms
INFO [04-17|14:15:46.275] Commit new sealing work                  number=22 sealhash=670e94..d5e56f uncles=0 txs=0    gas=0       fees=0            elapsed=7.151ms
INFO [04-17|14:15:50.304] Successfully sealed new block            number=22 sealhash=670e94..d5e56f hash=6f9555..5547fd elapsed=4.035s
INFO [04-17|14:15:50.304] 🔨 mined potential block                  number=22 hash=6f9555..5547fd
INFO [04-17|14:15:50.304] Commit new sealing work                  number=23 sealhash=ef2946..288d17 uncles=0 txs=0    gas=0       fees=0            elapsed="257.622µs"
INFO [04-17|14:15:50.313] Commit new sealing work                  number=23 sealhash=ef2946..288d17 uncles=0 txs=0    gas=0       fees=0            elapsed=8.943ms
INFO [04-17|14:15:56.190] Successfully sealed new block            number=23 sealhash=ef2946..288d17 hash=58f30c..e16a23 elapsed=8.087s
INFO [04-17|14:15:56.191] 🔨 mined potential block                  number=23 hash=58f30c..e16a23
INFO [04-17|14:15:56.192] Commit new sealing work                  number=24 sealhash=743d08..03a768 uncles=0 txs=0    gas=0       fees=0            elapsed="349.599µs"
INFO [04-17|14:15:56.192] Commit new sealing work                  number=24 sealhash=743d08..03a768 uncles=0 txs=0    gas=0       fees=0            elapsed=1.162ms
INFO [04-17|14:15:59.937] Imported new chain segment               blocks=1 txs=0    mgas=0.000  elapsed=13.797ms    mgasps=0.000   number=24 hash=97e94c..763eb9 dirty=1019.99KiB
INFO [04-17|14:15:59.946] Commit new sealing work                  number=25 sealhash=29626b..70c289 uncles=0 txs=0    gas=0       fees=0            elapsed="280.264µs"
INFO [04-17|14:15:59.950] Commit new sealing work                  number=25 sealhash=29626b..70c289 uncles=0 txs=0    gas=0       fees=0            elapsed=4.715ms
INFO [04-17|14:16:02.150] Imported new chain segment               blocks=1 txs=0    mgas=0.000  elapsed=8.295ms     mgasps=0.000   number=25 hash=80b49d..069602 dirty=1020.53KiB
INFO [04-17|14:16:02.152] Commit new sealing work                  number=26 sealhash=6cbde3..b04f1b uncles=0 txs=0    gas=0       fees=0            elapsed="378.85µs"
INFO [04-17|14:16:02.152] Commit new sealing work                  number=26 sealhash=6cbde3..b04f1b uncles=0 txs=0    gas=0       fees=0            elapsed="831.91µs"
INFO [04-17|14:16:06.847] Imported new chain segment               blocks=1 txs=0    mgas=0.000  elapsed=8.583ms     mgasps=0.000   number=26 hash=77ed88..0851ab dirty=1021.07KiB
INFO [04-17|14:16:06.848] 🔗 block reached canonical chain          number=19 hash=8c830b..a57534
INFO [04-17|14:16:06.848] Commit new sealing work                  number=27 sealhash=0a620d..d4fa78 uncles=0 txs=0    gas=0       fees=0            elapsed="850.977µs"
INFO [04-17|14:16:06.849] Commit new sealing work                  number=27 sealhash=0a620d..d4fa78 uncles=0 txs=0    gas=0       fees=0            elapsed=1.445ms
INFO [04-17|14:16:10.887] Successfully sealed new block            number=27 sealhash=0a620d..d4fa78 hash=4b37f0..7128d3 elapsed=4.039s
INFO [04-17|14:16:10.887] 🔗 block reached canonical chain          number=20 hash=9217c7..a86730
INFO [04-17|14:16:10.888] 🔨 mined potential block                  number=27 hash=4b37f0..7128d3
INFO [04-17|14:16:10.888] Commit new sealing work                  number=28 sealhash=22634c..4c2391 uncles=0 txs=0    gas=0       fees=0            elapsed="948.588µs"
INFO [04-17|14:16:10.889] Commit new sealing work                  number=28 sealhash=22634c..4c2391 uncles=0 txs=0    gas=0       fees=0            elapsed=1.521ms
INFO [04-17|14:16:12.212] Successfully sealed new block            number=28 sealhash=22634c..4c2391 hash=27676b..f5e625 elapsed=1.324s
INFO [04-17|14:16:12.213] 🔨 mined potential block                  number=28 hash=27676b..f5e625
INFO [04-17|14:16:12.213] Commit new sealing work                  number=29 sealhash=008b47..4c5cdf uncles=0 txs=0    gas=0       fees=0            elapsed="656.515µs"
INFO [04-17|14:16:12.214] Commit new sealing work                  number=29 sealhash=008b47..4c5cdf uncles=0 txs=0    gas=0       fees=0            elapsed=1.223ms
INFO [04-17|14:16:18.399] Successfully sealed new block            number=29 sealhash=008b47..4c5cdf hash=f6cfcc..55eda6 elapsed=6.186s
INFO [04-17|14:16:18.400] 🔗 block reached canonical chain          number=22 hash=6f9555..5547fd
INFO [04-17|14:16:18.400] 🔨 mined potential block                  number=29 hash=f6cfcc..55eda6
INFO [04-17|14:16:18.401] Commit new sealing work                  number=30 sealhash=9dc9e9..da324d uncles=0 txs=0    gas=0       fees=0            elapsed=1.376ms
INFO [04-17|14:16:18.401] Commit new sealing work                  number=30 sealhash=9dc9e9..da324d uncles=0 txs=0    gas=0       fees=0            elapsed=1.933ms
INFO [04-17|14:16:41.544] Successfully sealed new block            number=30 sealhash=9dc9e9..da324d hash=7e7c85..4ccb43 elapsed=25.420s
INFO [04-17|14:16:41.545] 🔗 block reached canonical chain          number=23 hash=58f30c..e16a23
INFO [04-17|14:16:41.546] Commit new sealing work                  number=31 sealhash=7d7334..ff1040 uncles=0 txs=0    gas=0       fees=0            elapsed=2.166ms
INFO [04-17|14:16:41.547] 🔨 mined potential block                  number=30 hash=7e7c85..4ccb43
INFO [04-17|14:16:41.547] Commit new sealing work                  number=31 sealhash=7d7334..ff1040 uncles=0 txs=0    gas=0       fees=0            elapsed=3.151ms
INFO [04-17|14:17:03.495] Imported new chain segment               blocks=1 txs=0    mgas=0.000  elapsed=11.638ms    mgasps=0.000   number=31 hash=6eddc4..90ad43 dirty=1023.77KiB
INFO [04-17|14:17:03.497] Commit new sealing work                  number=32 sealhash=1eb5ba..d730d2 uncles=0 txs=0    gas=0       fees=0            elapsed="470.177µs"
INFO [04-17|14:17:03.499] Commit new sealing work                  number=32 sealhash=1eb5ba..d730d2 uncles=0 txs=0    gas=0       fees=0            elapsed=2.884ms
INFO [04-17|14:17:13.527] Imported new chain segment               blocks=1 txs=0    mgas=0.000  elapsed=7.507ms     mgasps=0.000   number=32 hash=4be480..2be294 dirty=1.00MiB
INFO [04-17|14:17:13.528] Commit new sealing work                  number=33 sealhash=e1aa22..27965f uncles=0 txs=0    gas=0       fees=0            elapsed="349.275µs"
INFO [04-17|14:17:13.530] Commit new sealing work                  number=33 sealhash=e1aa22..27965f uncles=0 txs=0    gas=0       fees=0            elapsed=1.526ms
INFO [04-17|14:17:19.419] Imported new chain segment               blocks=1 txs=0    mgas=0.000  elapsed=19.482ms    mgasps=0.000   number=33 hash=560a6c..9b6125 dirty=1.00MiB
INFO [04-17|14:17:19.420] Commit new sealing work                  number=34 sealhash=d6d62d..4ddf22 uncles=0 txs=0    gas=0       fees=0            elapsed="541.678µs"
INFO [04-17|14:17:19.422] Commit new sealing work                  number=34 sealhash=d6d62d..4ddf22 uncles=0 txs=0    gas=0       fees=0            elapsed=2.872ms
INFO [04-17|14:18:05.691] Successfully sealed new block            number=34 sealhash=d6d62d..4ddf22 hash=d16d78..8ef59b elapsed=50.821s
INFO [04-17|14:18:05.692] 🔗 block reached canonical chain          number=27 hash=4b37f0..7128d3
INFO [04-17|14:18:05.692] 🔨 mined potential block                  number=34 hash=d16d78..8ef59b
INFO [04-17|14:18:05.693] Commit new sealing work                  number=35 sealhash=0d9a57..4d8267 uncles=0 txs=0    gas=0       fees=0            elapsed="244.622µs"
INFO [04-17|14:18:05.694] Commit new sealing work                  number=35 sealhash=0d9a57..4d8267 uncles=0 txs=0    gas=0       fees=0            elapsed=1.156ms
INFO [04-17|14:18:05.702] Imported new chain segment               blocks=1 txs=0    mgas=0.000  elapsed=7.448ms     mgasps=0.000   number=34 hash=7f8a64..6802fd dirty=1.00MiB
INFO [04-17|14:18:05.703] Commit new sealing work                  number=35 sealhash=749816..99bd3c uncles=1 txs=0    gas=0       fees=0            elapsed=1.750ms
INFO [04-17|14:18:14.444] Chain reorg detected                     number=33 hash=560a6c..9b6125 drop=1 dropfrom=d16d78..8ef59b add=2 addfrom=6fd9e0..e9241e
INFO [04-17|14:18:14.445] Imported new chain segment               blocks=1 txs=0    mgas=0.000  elapsed=16.574ms    mgasps=0.000   number=35 hash=6fd9e0..e9241e dirty=1.00MiB
INFO [04-17|14:18:14.446] 🔗 block reached canonical chain          number=28 hash=27676b..f5e625
INFO [04-17|14:18:14.447] Commit new sealing work                  number=36 sealhash=618bc0..e7dfbb uncles=0 txs=0    gas=0       fees=0            elapsed="869.611µs"
INFO [04-17|14:18:14.447] Commit new sealing work                  number=36 sealhash=618bc0..e7dfbb uncles=0 txs=0    gas=0       fees=0            elapsed=1.391ms
INFO [04-17|14:18:42.211] Imported new chain segment               blocks=1 txs=0    mgas=0.000  elapsed=8.121ms     mgasps=0.000   number=36 hash=c8c69f..d75111 dirty=1.00MiB
INFO [04-17|14:18:42.212] 🔗 block reached canonical chain          number=29 hash=f6cfcc..55eda6
INFO [04-17|14:18:42.212] Commit new sealing work                  number=37 sealhash=5778b0..e2b110 uncles=0 txs=0    gas=0       fees=0            elapsed="660.198µs"
INFO [04-17|14:18:42.213] Commit new sealing work                  number=37 sealhash=5778b0..e2b110 uncles=0 txs=0    gas=0       fees=0            elapsed=1.117ms
INFO [04-17|14:18:48.541] Imported new chain segment               blocks=1 txs=0    mgas=0.000  elapsed=13.084ms    mgasps=0.000   number=37 hash=d275ae..4a665b dirty=1.00MiB
INFO [04-17|14:18:48.543] 🔗 block reached canonical chain          number=30 hash=7e7c85..4ccb43
INFO [04-17|14:18:48.543] Commit new sealing work                  number=38 sealhash=16f7ae..6233b3 uncles=0 txs=0    gas=0       fees=0            elapsed="726.716µs"
INFO [04-17|14:18:48.544] Commit new sealing work                  number=38 sealhash=16f7ae..6233b3 uncles=0 txs=0    gas=0       fees=0            elapsed=1.355ms
INFO [04-17|14:19:06.238] Imported new chain segment               blocks=1 txs=0    mgas=0.000  elapsed=10.115ms    mgasps=0.000   number=38 hash=75f16b..42d97f dirty=1.00MiB
INFO [04-17|14:19:06.240] Commit new sealing work                  number=39 sealhash=d25a8e..fdc9e1 uncles=0 txs=0    gas=0       fees=0            elapsed="469.528µs"
INFO [04-17|14:19:06.241] Commit new sealing work                  number=39 sealhash=d25a8e..fdc9e1 uncles=0 txs=0    gas=0       fees=0            elapsed=1.476ms
INFO [04-17|14:19:09.226] Imported new chain segment               blocks=1 txs=0    mgas=0.000  elapsed=8.732ms     mgasps=0.000   number=39 hash=8799ab..b2b35f dirty=1.00MiB
INFO [04-17|14:19:09.227] Commit new sealing work                  number=40 sealhash=e4e3a4..22d8bd uncles=0 txs=0    gas=0       fees=0            elapsed="456.743µs"
INFO [04-17|14:19:09.228] Commit new sealing work                  number=40 sealhash=e4e3a4..22d8bd uncles=0 txs=0    gas=0       fees=0            elapsed=1.278ms
INFO [04-17|14:19:14.197] Imported new chain segment               blocks=1 txs=0    mgas=0.000  elapsed=8.756ms     mgasps=0.000   number=40 hash=6c338a..b8e3ec dirty=1.01MiB
INFO [04-17|14:19:14.198] Commit new sealing work                  number=41 sealhash=d4b3c8..079bf0 uncles=0 txs=0    gas=0       fees=0            elapsed="356.208µs"
INFO [04-17|14:19:14.198] Commit new sealing work                  number=41 sealhash=d4b3c8..079bf0 uncles=0 txs=0    gas=0       fees=0            elapsed="901.57µs"
INFO [04-17|14:19:15.303] Looking for peers                        peercount=2 tried=0 static=4
INFO [04-17|14:19:17.509] Imported new chain segment               blocks=1 txs=0    mgas=0.000  elapsed=7.481ms     mgasps=0.000   number=41 hash=0c88fd..95d115 dirty=1.01MiB
INFO [04-17|14:19:17.510] ⑂ block became an uncle                  number=34 hash=d16d78..8ef59b
INFO [04-17|14:19:17.511] Commit new sealing work                  number=42 sealhash=1f535a..6417f7 uncles=0 txs=0    gas=0       fees=0            elapsed="926.054µs"
INFO [04-17|14:19:17.511] Commit new sealing work                  number=42 sealhash=1f535a..6417f7 uncles=0 txs=0    gas=0       fees=0            elapsed=1.537ms
INFO [04-17|14:19:19.334] Got interrupt, shutting down... 
WARN [04-17|14:19:19.335] HTTP server graceful shutdown timed out 
INFO [04-17|14:19:19.336] HTTP server stopped                      endpoint=[::]:8547
WARN [04-17|14:19:19.338] HTTP server graceful shutdown timed out 
INFO [04-17|14:19:19.338] HTTP server stopped                      endpoint=[::]:8647
WARN [04-17|14:19:19.340] HTTP server graceful shutdown timed out 
INFO [04-17|14:19:19.340] HTTP server stopped                      endpoint=127.0.0.1:8747
INFO [04-17|14:19:19.341] Ethereum protocol stopped 
INFO [04-17|14:19:19.342] Transaction pool stopped 
INFO [04-17|14:19:19.348] Writing cached state to disk             block=41 hash=0c88fd..95d115 root=69f2c6..336234
INFO [04-17|14:19:19.372] Persisted trie from memory database      nodes=4011      size=468.47KiB time=23.92513ms gcnodes=0 gcsize=0.00B gctime=0s livenodes=718 livesize=118.07KiB
INFO [04-17|14:19:19.373] Writing cached state to disk             block=40 hash=6c338a..b8e3ec root=804581..787185
INFO [04-17|14:19:19.373] Persisted trie from memory database      nodes=2         size=361.00B   time="445.71µs" gcnodes=0 gcsize=0.00B gctime=0s livenodes=716 livesize=117.72KiB
INFO [04-17|14:19:19.374] Writing snapshot state to disk           root=6f7ef1..200005
INFO [04-17|14:19:19.374] Persisted trie from memory database      nodes=0         size=0.00B     time="5.4µs"    gcnodes=0 gcsize=0.00B gctime=0s livenodes=716 livesize=117.72KiB
INFO [04-17|14:19:19.376] Writing clean trie cache to disk         path=/mnt/c/Users/ali/PycharmProjects/new/project-root/consensus/pow/ethereum/node3/geth/triecache threads=8
INFO [04-17|14:19:19.452] Persisted the clean trie cache           path=/mnt/c/Users/ali/PycharmProjects/new/project-root/consensus/pow/ethereum/node3/geth/triecache elapsed=75.559ms
INFO [04-17|14:19:19.452] Blockchain stopped 
